<?xml version="1.0" encoding="UTF-8"?>
<!-- Generated by org.testng.reporters.JUnitReportReporter -->
<testsuite skipped="0" hostname="DESKTOP-9QSD73T" name="com.testexecution.Runcls" tests="2" failures="0" timestamp="12 May 2019 11:08:54 GMT" time="12.535" errors="0">
  <testcase name="mainexecution" time="6.705" classname="com.testexecution.Runcls"/>
  <testcase name="leave" time="5.830" classname="com.testexecution.Runcls"/>
</testsuite> <!-- com.testexecution.Runcls -->
