<?xml version="1.0" encoding="UTF-8"?>
<!-- Generated by org.testng.reporters.JUnitReportReporter -->
<testsuite skipped="0" hostname="DESKTOP-9QSD73T" name="com.testexecution.Runcls" tests="2" failures="0" timestamp="04 May 2019 05:51:56 GMT" time="11.969" errors="0">
  <testcase name="mainexecution" time="6.383" classname="com.testexecution.Runcls"/>
  <testcase name="leave" time="5.586" classname="com.testexecution.Runcls"/>
</testsuite> <!-- com.testexecution.Runcls -->
